<?xml version="1.0" encoding="UTF-8"?>
<!-- Generated by org.testng.reporters.JUnitReportReporter -->
<testsuite hostname="Ajith_Personal" failures="0" tests="1" name="com.automation.testscript.Test_script" time="24.532" errors="0" timestamp="2023-04-04T12:35:52 IST" skipped="0">
  <testcase classname="com.automation.testscript.Test_script" name="price" time="24.532"/>
  <system-out/>
</testsuite> <!-- com.automation.testscript.Test_script -->
